<?xml version="1.0" encoding="UTF-8"?>
<!-- Generated by org.testng.reporters.JUnitReportReporter -->
<testsuite skipped="0" hostname="VIGYAN-L-PC4" name="TestNgClasses.BaseTestNgPage" tests="1" failures="0" timestamp="2019-10-09T11:52:07 IST" time="0.016" errors="0">
  <testcase name="verifyLogin" time="0.016" classname="TestNgClasses.BaseTestNgPage"/>
</testsuite> <!-- TestNgClasses.BaseTestNgPage -->
