<?xml version="1.0" encoding="UTF-8"?>
<!-- Generated by org.testng.reporters.JUnitReportReporter -->
<testsuite skipped="0" hostname="VIGYAN-L-PC4" name="TestNgClasses.LoginTestCase" tests="2" failures="0" timestamp="2019-10-11T13:03:26 IST" time="15.730" errors="0">
  <testcase name="verifyLogin" time="3.267" classname="TestNgClasses.LoginTestCase"/>
  <testcase name="addUser" time="12.463" classname="TestNgClasses.LoginTestCase"/>
</testsuite> <!-- TestNgClasses.LoginTestCase -->
